<?xml version="1.0" encoding="UTF-8"?>
<!-- Generated by org.testng.reporters.JUnitReportReporter -->
<testsuite hostname="DESKTOP-TTU6VHM" failures="0" tests="2" name="testclasses.RegisterTest" time="1.852" errors="0" timestamp="2024-01-17T17:53:29 IST" skipped="0">
  <testcase classname="testclasses.RegisterTest" name="clickResgisterPage" time="1.515"/>
  <system-out/>
  <testcase classname="testclasses.RegisterTest" name="enterDetailPage" time="0.337"/>
  <system-out/>
</testsuite> <!-- testclasses.RegisterTest -->
