<?xml version="1.0" encoding="UTF-8"?>
<!-- Generated by org.testng.reporters.JUnitReportReporter -->
<testsuite hostname="DESKTOP-TTU6VHM" failures="0" tests="3" name="testclasses.LoginTest" time="0.379" errors="0" timestamp="2024-01-17T17:53:29 IST" skipped="0">
  <testcase classname="testclasses.LoginTest" name="validatePage" time="0.016"/>
  <system-out/>
  <testcase classname="testclasses.LoginTest" name="enterDetails" time="0.277"/>
  <system-out/>
  <testcase classname="testclasses.LoginTest" name="clickloginbutton" time="0.086"/>
  <system-out/>
</testsuite> <!-- testclasses.LoginTest -->
