<?xml version="1.0" encoding="UTF-8"?>
<!-- Generated by org.testng.reporters.JUnitReportReporter -->
<testsuite hostname="DESKTOP-TTU6VHM" failures="0" tests="2" name="testclasses.RegisterTest" time="3.873" errors="0" timestamp="2024-02-01T19:36:07 IST" skipped="0">
  <testcase classname="testclasses.RegisterTest" name="registerUser" time="3.225"/>
  <system-out/>
  <testcase classname="testclasses.RegisterTest" name="navToLoginPage" time="0.648"/>
  <system-out/>
</testsuite> <!-- testclasses.RegisterTest -->
